Using pre-set license
Built from '2020.3/staging' branch; Version is '2020.3.23f1 (c5d91304a876) revision 12966163'; Using compiler version '192528614'; Build Type 'Release'
OS: 'Windows 10 Home; OS build 22000.613; Version 2009; 64bit' Language: 'en' Physical Memory: 40637 MB
BatchMode: 1, IsHumanControllingUs: 0, StartBugReporterOnCrash: 0, Is64bit: 1, IsPro: 0

COMMAND LINE ARGUMENTS:
C:\Program Files\Unity Editors\assets\2020.3.23f1\Editor\Unity.exe
-adb2
-batchMode
-noUpm
-name
AssetImportWorker0
-projectPath
C:/Users/Amelia/Desktop/Interverse
-logFile
Logs/AssetImportWorker0.log
-srvPort
58711
Successfully changed project path to: C:/Users/Amelia/Desktop/Interverse
C:/Users/Amelia/Desktop/Interverse
Using Asset Import Pipeline V2.
Refreshing native plugins compatible for Editor in 46.93 ms, found 2 plugins.
Preloading 0 native plugins for Editor in 0.00 ms.
Initialize engine version: 2020.3.23f1 (c5d91304a876)
[Subsystems] Discovering subsystems at path C:/Program Files/Unity Editors/assets/2020.3.23f1/Editor/Data/Resources/UnitySubsystems
[Subsystems] Discovering subsystems at path C:/Users/Amelia/Desktop/Interverse/Assets
GfxDevice: creating device client; threaded=0
Direct3D:
    Version:  Direct3D 11.0 [level 11.1]
    Renderer: NVIDIA GeForce RTX 3060 Laptop GPU (ID=0x2520)
    Vendor:   
    VRAM:     6023 MB
    Driver:   30.0.14.9649
Initialize mono
Mono path[0] = 'C:/Program Files/Unity Editors/assets/2020.3.23f1/Editor/Data/Managed'
Mono path[1] = 'C:/Program Files/Unity Editors/assets/2020.3.23f1/Editor/Data/MonoBleedingEdge/lib/mono/unityjit'
Mono config path = 'C:/Program Files/Unity Editors/assets/2020.3.23f1/Editor/Data/MonoBleedingEdge/etc'
Using monoOptions --debugger-agent=transport=dt_socket,embedding=1,server=y,suspend=n,address=127.0.0.1:56472
Begin MonoManager ReloadAssembly
Registering precompiled unity dll's ...
Register platform support module: C:/Program Files/Unity Editors/assets/2020.3.23f1/Editor/Data/PlaybackEngines/WindowsStandaloneSupport/UnityEditor.WindowsStandalone.Extensions.dll
Registered in 0.001150 seconds.
Native extension for WindowsStandalone target not found
Refreshing native plugins compatible for Editor in 50.48 ms, found 2 plugins.
Preloading 0 native plugins for Editor in 0.00 ms.
Mono: successfully reloaded assembly
- Completed reload, in  0.670 seconds
Domain Reload Profiling:
	ReloadAssembly (670ms)
		BeginReloadAssembly (37ms)
			ExecutionOrderSort (0ms)
			DisableScriptedObjects (0ms)
			BackupInstance (0ms)
			ReleaseScriptingObjects (0ms)
			CreateAndSetChildDomain (1ms)
		EndReloadAssembly (486ms)
			LoadAssemblies (35ms)
			RebuildTransferFunctionScriptingTraits (0ms)
			SetupTypeCache (228ms)
			ReleaseScriptCaches (0ms)
			RebuildScriptCaches (25ms)
			SetupLoadedEditorAssemblies (157ms)
				LogAssemblyErrors (0ms)
				InitializePlatformSupportModulesInManaged (5ms)
				SetLoadedEditorAssemblies (0ms)
				RefreshPlugins (51ms)
				BeforeProcessingInitializeOnLoad (7ms)
				ProcessInitializeOnLoadAttributes (71ms)
				ProcessInitializeOnLoadMethodAttributes (23ms)
				AfterProcessingInitializeOnLoad (0ms)
				EditorAssembliesLoaded (0ms)
			ExecutionOrderSort2 (0ms)
			AwakeInstancesAfterBackupRestoration (0ms)
Platform modules already initialized, skipping
Registering precompiled user dll's ...
Registered in 0.112309 seconds.
Begin MonoManager ReloadAssembly
Native extension for WindowsStandalone target not found
Refreshing native plugins compatible for Editor in 92.31 ms, found 2 plugins.
Preloading 0 native plugins for Editor in 0.00 ms.
Mono: successfully reloaded assembly
- Completed reload, in  1.632 seconds
Domain Reload Profiling:
	ReloadAssembly (1638ms)
		BeginReloadAssembly (142ms)
			ExecutionOrderSort (0ms)
			DisableScriptedObjects (5ms)
			BackupInstance (0ms)
			ReleaseScriptingObjects (0ms)
			CreateAndSetChildDomain (23ms)
		EndReloadAssembly (1418ms)
			LoadAssemblies (96ms)
			RebuildTransferFunctionScriptingTraits (0ms)
			SetupTypeCache (432ms)
			ReleaseScriptCaches (1ms)
			RebuildScriptCaches (71ms)
			SetupLoadedEditorAssemblies (636ms)
				LogAssemblyErrors (0ms)
				InitializePlatformSupportModulesInManaged (6ms)
				SetLoadedEditorAssemblies (0ms)
				RefreshPlugins (92ms)
				BeforeProcessingInitializeOnLoad (97ms)
				ProcessInitializeOnLoadAttributes (418ms)
				ProcessInitializeOnLoadMethodAttributes (14ms)
				AfterProcessingInitializeOnLoad (8ms)
				EditorAssembliesLoaded (0ms)
			ExecutionOrderSort2 (0ms)
			AwakeInstancesAfterBackupRestoration (10ms)
Platform modules already initialized, skipping
========================================================================
Worker process is ready to serve import requests
Launched and connected shader compiler UnityShaderCompiler.exe after 0.09 seconds
Refreshing native plugins compatible for Editor in 0.70 ms, found 2 plugins.
Preloading 0 native plugins for Editor in 0.00 ms.
Unloading 3257 Unused Serialized files (Serialized files now loaded: 0)
System memory in use before: 147.3 MB.
System memory in use after: 144.4 MB.

Unloading 59 unused Assets to reduce memory usage. Loaded Objects now: 3663.
Total: 6.307800 ms (FindLiveObjects: 1.443800 ms CreateObjectMapping: 0.263000 ms MarkObjects: 3.238400 ms  DeleteObjects: 1.361000 ms)

AssetImportParameters requested are different than current active one (requested -> active):
  custom:framework-win-MediaFoundation: 216162199b28c13a410421893ffa2e32 -> 
  custom:video-decoder-ogg-theora: a1e56fd34408186e4bbccfd4996cb3dc -> 
  custom:container-muxer-webm: aa71ff27fc2769a1b78a27578f13a17b -> 
  custom:container-demuxer-webm: 4f35f7cbe854078d1ac9338744f61a02 -> 
  custom:container-demuxer-ogg: 62fdf1f143b41e24485cea50d1cbac27 -> 
  custom:video-encoder-webm-vp8: eb34c28f22e8b96e1ab97ce403110664 -> 
  custom:video-codec-MediaFoundation-h265: 746d11721c4dcdbdad8f713fa42b33f4 -> 
  custom:video-decoder-webm-vp8: 9c59270c3fd7afecdb556c50c9e8de78 -> 
  custom:audio-decoder-ogg-vorbis: bf7c407c2cedff20999df2af8eb42d56 -> 
  custom:audio-encoder-webm-vorbis: bf7c407c2cedff20999df2af8eb42d56 -> 
========================================================================
Received Import Request.
  path: Assets/Prefabs/Simple Office Chair/Demo/Demo_Scene.unity
  artifactKey: Guid(9a8537aa29ac7bf42b246ad86f1030e3) Importer(815301076,1909f56bfc062723c751e8b465ee728b)
Start importing Assets/Prefabs/Simple Office Chair/Demo/Demo_Scene.unity using Guid(9a8537aa29ac7bf42b246ad86f1030e3) Importer(815301076,1909f56bfc062723c751e8b465ee728b)  -> (artifact id: '1fec42fb54a9a30b32c83c8b055e63a2') in 0.022205 seconds 
  Import took 0.028268 seconds .

========================================================================
Received Import Request.
  Time since last request: 0.000198 seconds.
  path: Assets/Prefabs/Simple Office Chair/Meshes/Office_Chair_01.fbx
  artifactKey: Guid(6f9df037be5808d44845c198fdc241f4) Importer(815301076,1909f56bfc062723c751e8b465ee728b)
Start importing Assets/Prefabs/Simple Office Chair/Meshes/Office_Chair_01.fbx using Guid(6f9df037be5808d44845c198fdc241f4) Importer(815301076,1909f56bfc062723c751e8b465ee728b)  -> (artifact id: '85703f1cb624fb1989c24cd4d8b680d3') in 1.061548 seconds 
  Import took 1.088477 seconds .

========================================================================
Received Import Request.
  Time since last request: 0.000365 seconds.
  path: Assets/Prefabs/Simple Office Chair/Materials
  artifactKey: Guid(7f56c626c152f0746b551bc6fe2bedd3) Importer(815301076,1909f56bfc062723c751e8b465ee728b)
Start importing Assets/Prefabs/Simple Office Chair/Materials using Guid(7f56c626c152f0746b551bc6fe2bedd3) Importer(815301076,1909f56bfc062723c751e8b465ee728b)  -> (artifact id: '38bbb1dfc6d26ea4f87470ca4e3c7468') in 0.007265 seconds 
  Import took 0.014221 seconds .

========================================================================
Received Import Request.
  Time since last request: 0.000397 seconds.
  path: Assets/Prefabs/Simple Office Chair/Demo
  artifactKey: Guid(f4cc224f6fc97fc4898ed263c945c5a2) Importer(815301076,1909f56bfc062723c751e8b465ee728b)
Start importing Assets/Prefabs/Simple Office Chair/Demo using Guid(f4cc224f6fc97fc4898ed263c945c5a2) Importer(815301076,1909f56bfc062723c751e8b465ee728b)  -> (artifact id: '28bf34b7ff360eac8e259ccf3cd1320f') in 0.005876 seconds 
  Import took 0.011731 seconds .

========================================================================
Received Import Request.
  Time since last request: 51.631799 seconds.
  path: Assets/Prefabs/Simple Office Chair/Textures
  artifactKey: Guid(f7a449aec7a46cb43a4db656ccf2a781) Importer(815301076,1909f56bfc062723c751e8b465ee728b)
Start importing Assets/Prefabs/Simple Office Chair/Textures using Guid(f7a449aec7a46cb43a4db656ccf2a781) Importer(815301076,1909f56bfc062723c751e8b465ee728b)  -> (artifact id: '7b8b1929fd20cb6aa6ad2bcf9df29606') in 0.005460 seconds 
  Import took 0.010103 seconds .

========================================================================
Received Import Request.
  Time since last request: 1.326888 seconds.
  path: Assets/Prefabs/Simple Office Chair/Textures/office_chair_01_AO.png
  artifactKey: Guid(8bf3ad413a4d020448a7aafc067265f0) Importer(815301076,1909f56bfc062723c751e8b465ee728b)
Start importing Assets/Prefabs/Simple Office Chair/Textures/office_chair_01_AO.png using Guid(8bf3ad413a4d020448a7aafc067265f0) Importer(815301076,1909f56bfc062723c751e8b465ee728b)  -> (artifact id: '7f27ef1b071fac50bd0b0f48189cae4c') in 0.107058 seconds 
  Import took 0.115713 seconds .

========================================================================
Received Import Request.
  Time since last request: 29.496380 seconds.
  path: Assets/Prefabs/school/material/1.png
  artifactKey: Guid(4b03c68dd480c5946acba6280c21b674) Importer(815301076,1909f56bfc062723c751e8b465ee728b)
Start importing Assets/Prefabs/school/material/1.png using Guid(4b03c68dd480c5946acba6280c21b674) Importer(815301076,1909f56bfc062723c751e8b465ee728b)  -> (artifact id: '0be9eb8c6c18d0dd2ec856a6e83fd162') in 0.010319 seconds 
  Import took 0.015911 seconds .

========================================================================
Received Import Request.
  Time since last request: 0.000164 seconds.
  path: Assets/Prefabs/Simple Office Chair/Textures/office_chair_01_Normal.png
  artifactKey: Guid(26a7b94b36a4a154f9181dca562cf395) Importer(815301076,1909f56bfc062723c751e8b465ee728b)
Start importing Assets/Prefabs/Simple Office Chair/Textures/office_chair_01_Normal.png using Guid(26a7b94b36a4a154f9181dca562cf395) Importer(815301076,1909f56bfc062723c751e8b465ee728b)  -> (artifact id: 'c779c6d610c96110f268b3b23eb3a79e') in 0.073734 seconds 
  Import took 0.083583 seconds .

========================================================================
Received Import Request.
  Time since last request: 0.000175 seconds.
  path: Assets/Prefabs/Simple Office Chair/Textures/office_chair_01_AlbedoTransparency.png
  artifactKey: Guid(7f53f8ca136de3247a72c54cf7179e2d) Importer(815301076,1909f56bfc062723c751e8b465ee728b)
Start importing Assets/Prefabs/Simple Office Chair/Textures/office_chair_01_AlbedoTransparency.png using Guid(7f53f8ca136de3247a72c54cf7179e2d) Importer(815301076,1909f56bfc062723c751e8b465ee728b)  -> (artifact id: '7cbbf768d524c9b5fd63696846b274dd') in 0.077293 seconds 
  Import took 0.085696 seconds .

========================================================================
Received Import Request.
  Time since last request: 0.000191 seconds.
  path: Assets/Prefabs/Simple Office Chair/Textures/office_chair_01_MetallicSmoothness.png
  artifactKey: Guid(b13b83cc1b3fc8e48a9e9560d6eb99dc) Importer(815301076,1909f56bfc062723c751e8b465ee728b)
Start importing Assets/Prefabs/Simple Office Chair/Textures/office_chair_01_MetallicSmoothness.png using Guid(b13b83cc1b3fc8e48a9e9560d6eb99dc) Importer(815301076,1909f56bfc062723c751e8b465ee728b)  -> (artifact id: 'fe10a2f6980d6e3efde9304c8a502590') in 0.081558 seconds 
  Import took 0.091159 seconds .

========================================================================
Received Prepare
Registering precompiled user dll's ...
Registered in 0.007718 seconds.
Begin MonoManager ReloadAssembly
Native extension for WindowsStandalone target not found
Refreshing native plugins compatible for Editor in 0.59 ms, found 2 plugins.
Preloading 0 native plugins for Editor in 0.00 ms.
Mono: successfully reloaded assembly
- Completed reload, in  1.110 seconds
Domain Reload Profiling:
	ReloadAssembly (1111ms)
		BeginReloadAssembly (158ms)
			ExecutionOrderSort (0ms)
			DisableScriptedObjects (9ms)
			BackupInstance (0ms)
			ReleaseScriptingObjects (0ms)
			CreateAndSetChildDomain (48ms)
		EndReloadAssembly (888ms)
			LoadAssemblies (105ms)
			RebuildTransferFunctionScriptingTraits (0ms)
			SetupTypeCache (329ms)
			ReleaseScriptCaches (2ms)
			RebuildScriptCaches (38ms)
			SetupLoadedEditorAssemblies (298ms)
				LogAssemblyErrors (0ms)
				InitializePlatformSupportModulesInManaged (4ms)
				SetLoadedEditorAssemblies (0ms)
				RefreshPlugins (1ms)
				BeforeProcessingInitializeOnLoad (61ms)
				ProcessInitializeOnLoadAttributes (221ms)
				ProcessInitializeOnLoadMethodAttributes (8ms)
				AfterProcessingInitializeOnLoad (3ms)
				EditorAssembliesLoaded (0ms)
			ExecutionOrderSort2 (0ms)
			AwakeInstancesAfterBackupRestoration (13ms)
Platform modules already initialized, skipping
Refreshing native plugins compatible for Editor in 0.61 ms, found 2 plugins.
Preloading 0 native plugins for Editor in 0.00 ms.
Unloading 3181 Unused Serialized files (Serialized files now loaded: 0)
System memory in use before: 149.1 MB.
System memory in use after: 146.3 MB.

Unloading 52 unused Assets to reduce memory usage. Loaded Objects now: 3717.
Total: 5.330200 ms (FindLiveObjects: 0.264200 ms CreateObjectMapping: 0.068800 ms MarkObjects: 3.660600 ms  DeleteObjects: 1.335200 ms)

AssetImportParameters requested are different than current active one (requested -> active):
  custom:framework-win-MediaFoundation: 216162199b28c13a410421893ffa2e32 -> 
  custom:video-decoder-ogg-theora: a1e56fd34408186e4bbccfd4996cb3dc -> 
  custom:container-muxer-webm: aa71ff27fc2769a1b78a27578f13a17b -> 
  custom:container-demuxer-webm: 4f35f7cbe854078d1ac9338744f61a02 -> 
  custom:container-demuxer-ogg: 62fdf1f143b41e24485cea50d1cbac27 -> 
  custom:video-encoder-webm-vp8: eb34c28f22e8b96e1ab97ce403110664 -> 
  custom:video-codec-MediaFoundation-h265: 746d11721c4dcdbdad8f713fa42b33f4 -> 
  custom:video-decoder-webm-vp8: 9c59270c3fd7afecdb556c50c9e8de78 -> 
  custom:audio-decoder-ogg-vorbis: bf7c407c2cedff20999df2af8eb42d56 -> 
  custom:audio-encoder-webm-vorbis: bf7c407c2cedff20999df2af8eb42d56 -> 
========================================================================
Received Import Request.
  Time since last request: 501.335984 seconds.
  path: Assets/Prefabs/school/props/locker_5.fbx
  artifactKey: Guid(7b076f4bc078820418c69918ad1d12e8) Importer(815301076,1909f56bfc062723c751e8b465ee728b)
Start importing Assets/Prefabs/school/props/locker_5.fbx using Guid(7b076f4bc078820418c69918ad1d12e8) Importer(815301076,1909f56bfc062723c751e8b465ee728b)  -> (artifact id: '70f40f7d7d160091ef9e18a16b6fa869') in 0.168714 seconds 
  Import took 0.175004 seconds .

========================================================================
Received Import Request.
  Time since last request: 0.000144 seconds.
  path: Assets/Prefabs/school/props/table2.fbx
  artifactKey: Guid(428d9da19f0db6d42a12afe656585894) Importer(815301076,1909f56bfc062723c751e8b465ee728b)
Start importing Assets/Prefabs/school/props/table2.fbx using Guid(428d9da19f0db6d42a12afe656585894) Importer(815301076,1909f56bfc062723c751e8b465ee728b)  -> (artifact id: '5bf0da978a32c7aa2d9e08aedfd70449') in 0.028461 seconds 
  Import took 0.033062 seconds .

========================================================================
Received Import Request.
  Time since last request: 0.000138 seconds.
  path: Assets/Prefabs/school/props/wall2.fbx
  artifactKey: Guid(dd0187cdaabbf654d8df9b87b74089f5) Importer(815301076,1909f56bfc062723c751e8b465ee728b)
Start importing Assets/Prefabs/school/props/wall2.fbx using Guid(dd0187cdaabbf654d8df9b87b74089f5) Importer(815301076,1909f56bfc062723c751e8b465ee728b)  -> (artifact id: '9b1971a96fb41a328c713e026bc35662') in 0.023366 seconds 
  Import took 0.027754 seconds .

========================================================================
Received Import Request.
  Time since last request: 0.000156 seconds.
  path: Assets/Prefabs/school/props/wall4 (2).fbx
  artifactKey: Guid(cc3095fd348d76b4f9cdcaabdaacdf6d) Importer(815301076,1909f56bfc062723c751e8b465ee728b)
Start importing Assets/Prefabs/school/props/wall4 (2).fbx using Guid(cc3095fd348d76b4f9cdcaabdaacdf6d) Importer(815301076,1909f56bfc062723c751e8b465ee728b)  -> (artifact id: '64a55a875dfc9bf8a49a9e8de265b2b3') in 0.018806 seconds 
  Import took 0.023284 seconds .

========================================================================
Received Import Request.
  Time since last request: 0.000240 seconds.
  path: Assets/Prefabs/school/props/wall4.fbx
  artifactKey: Guid(65c4b63d3ab1edc4c98cc4216586cccf) Importer(815301076,1909f56bfc062723c751e8b465ee728b)
Start importing Assets/Prefabs/school/props/wall4.fbx using Guid(65c4b63d3ab1edc4c98cc4216586cccf) Importer(815301076,1909f56bfc062723c751e8b465ee728b)  -> (artifact id: 'ab13d8d05c5c2ad08c58ab956084b562') in 0.020659 seconds 
  Import took 0.025976 seconds .

========================================================================
Received Import Request.
  Time since last request: 0.000166 seconds.
  path: Assets/Prefabs/school/props/locker_2.fbx
  artifactKey: Guid(4961a98492915344fad8693ff35cc1e8) Importer(815301076,1909f56bfc062723c751e8b465ee728b)
Start importing Assets/Prefabs/school/props/locker_2.fbx using Guid(4961a98492915344fad8693ff35cc1e8) Importer(815301076,1909f56bfc062723c751e8b465ee728b)  -> (artifact id: '3de54044883ae7ae450ef1bb629e5e18') in 0.021699 seconds 
  Import took 0.026422 seconds .

========================================================================
Received Import Request.
  Time since last request: 0.000234 seconds.
  path: Assets/Prefabs/school/props/locker_4.fbx
  artifactKey: Guid(40ec2e2d4a4457448aef97450f4f9113) Importer(815301076,1909f56bfc062723c751e8b465ee728b)
Start importing Assets/Prefabs/school/props/locker_4.fbx using Guid(40ec2e2d4a4457448aef97450f4f9113) Importer(815301076,1909f56bfc062723c751e8b465ee728b)  -> (artifact id: '5739c6a935ae65daccf6ea2408376d6c') in 0.023277 seconds 
  Import took 0.029152 seconds .

========================================================================
Received Import Request.
  Time since last request: 0.000238 seconds.
  path: Assets/Prefabs/school/road/floor.fbx
  artifactKey: Guid(f7413ee7b6daa064087f5749d6f1b9f8) Importer(815301076,1909f56bfc062723c751e8b465ee728b)
Start importing Assets/Prefabs/school/road/floor.fbx using Guid(f7413ee7b6daa064087f5749d6f1b9f8) Importer(815301076,1909f56bfc062723c751e8b465ee728b)  -> (artifact id: 'c10ca5af11708716884df7740ecb97e8') in 0.023721 seconds 
  Import took 0.031222 seconds .

========================================================================
Received Import Request.
  Time since last request: 0.000189 seconds.
  path: Assets/Prefabs/school/props/locker_3.fbx
  artifactKey: Guid(2ef5cccbf9af996448903a637411876a) Importer(815301076,1909f56bfc062723c751e8b465ee728b)
Start importing Assets/Prefabs/school/props/locker_3.fbx using Guid(2ef5cccbf9af996448903a637411876a) Importer(815301076,1909f56bfc062723c751e8b465ee728b)  -> (artifact id: '1cdf1eddffa56da5c705129fb849736e') in 0.021670 seconds 
  Import took 0.026624 seconds .

========================================================================
Received Import Request.
  Time since last request: 0.000169 seconds.
  path: Assets/Prefabs/school/props/projector.fbx
  artifactKey: Guid(72270d1b0c152ed449c796ec8a390366) Importer(815301076,1909f56bfc062723c751e8b465ee728b)
Start importing Assets/Prefabs/school/props/projector.fbx using Guid(72270d1b0c152ed449c796ec8a390366) Importer(815301076,1909f56bfc062723c751e8b465ee728b)  -> (artifact id: 'd7ab0b19ed44a99b6e1e9f070f287b4b') in 0.022242 seconds 
  Import took 0.027354 seconds .

========================================================================
Received Import Request.
  Time since last request: 0.000215 seconds.
  path: Assets/Prefabs/school/props/wall.fbx
  artifactKey: Guid(20fa30becf879ae4fbd158795edc156d) Importer(815301076,1909f56bfc062723c751e8b465ee728b)
Start importing Assets/Prefabs/school/props/wall.fbx using Guid(20fa30becf879ae4fbd158795edc156d) Importer(815301076,1909f56bfc062723c751e8b465ee728b)  -> (artifact id: '37527c74709d645e610a5f53f597bd4c') in 0.029530 seconds 
  Import took 0.037254 seconds .

========================================================================
Received Import Request.
  Time since last request: 0.000209 seconds.
  path: Assets/Prefabs/school/props/table3.fbx
  artifactKey: Guid(0699d22803476344d956abf42dc88970) Importer(815301076,1909f56bfc062723c751e8b465ee728b)
Start importing Assets/Prefabs/school/props/table3.fbx using Guid(0699d22803476344d956abf42dc88970) Importer(815301076,1909f56bfc062723c751e8b465ee728b)  -> (artifact id: 'd3a80d40cd06da0dcbceaf510e4d6dac') in 0.026713 seconds 
  Import took 0.031817 seconds .

========================================================================
Received Import Request.
  Time since last request: 0.000236 seconds.
  path: Assets/Prefabs/school/props/wall4 (1).fbx
  artifactKey: Guid(e2c12cc399276f34997617080b02d780) Importer(815301076,1909f56bfc062723c751e8b465ee728b)
Start importing Assets/Prefabs/school/props/wall4 (1).fbx using Guid(e2c12cc399276f34997617080b02d780) Importer(815301076,1909f56bfc062723c751e8b465ee728b)  -> (artifact id: 'f188e1c4c91ff765a21f6641b3c6520a') in 0.023047 seconds 
  Import took 0.028457 seconds .

========================================================================
Received Import Request.
  Time since last request: 0.000421 seconds.
  path: Assets/Prefabs/school/props/wall001.fbx
  artifactKey: Guid(674bca1160f50d546aaac5b261a08000) Importer(815301076,1909f56bfc062723c751e8b465ee728b)
Start importing Assets/Prefabs/school/props/wall001.fbx using Guid(674bca1160f50d546aaac5b261a08000) Importer(815301076,1909f56bfc062723c751e8b465ee728b)  -> (artifact id: '11cabdb117520a13eccff760672304c7') in 0.034823 seconds 
  Import took 0.040730 seconds .

========================================================================
Received Import Request.
  Time since last request: 0.000326 seconds.
  path: Assets/Prefabs/school/road/doroga.fbx
  artifactKey: Guid(f8840c3f03e4a1d45b8c43d8e047bd1c) Importer(815301076,1909f56bfc062723c751e8b465ee728b)
Start importing Assets/Prefabs/school/road/doroga.fbx using Guid(f8840c3f03e4a1d45b8c43d8e047bd1c) Importer(815301076,1909f56bfc062723c751e8b465ee728b)  -> (artifact id: '6cf60a6232350c75291883d16018c265') in 0.029865 seconds 
  Import took 0.036600 seconds .

========================================================================
Received Import Request.
  Time since last request: 0.000172 seconds.
  path: Assets/Prefabs/school/road/doroga — krest.fbx
  artifactKey: Guid(df64657f50132d544870c1de38b5b3d6) Importer(815301076,1909f56bfc062723c751e8b465ee728b)
Start importing Assets/Prefabs/school/road/doroga — krest.fbx using Guid(df64657f50132d544870c1de38b5b3d6) Importer(815301076,1909f56bfc062723c751e8b465ee728b)  -> (artifact id: '3a3cb26ced3ec9e85e3f2221162402e3') in 0.026849 seconds 
  Import took 0.032183 seconds .

========================================================================
Received Import Request.
  Time since last request: 0.000241 seconds.
  path: Assets/Prefabs/school/props/sheet1.fbx
  artifactKey: Guid(23b1d8473c4b7404ea0dd7c937deb666) Importer(815301076,1909f56bfc062723c751e8b465ee728b)
Start importing Assets/Prefabs/school/props/sheet1.fbx using Guid(23b1d8473c4b7404ea0dd7c937deb666) Importer(815301076,1909f56bfc062723c751e8b465ee728b)  -> (artifact id: '8d85f3653cff5c11c7c4cf94aab85758') in 0.024481 seconds 
  Import took 0.030117 seconds .

========================================================================
Received Import Request.
  Time since last request: 0.000264 seconds.
  path: Assets/Prefabs/school/props/sheet.fbx
  artifactKey: Guid(e3b1441b553239a4681601783740f186) Importer(815301076,1909f56bfc062723c751e8b465ee728b)
Start importing Assets/Prefabs/school/props/sheet.fbx using Guid(e3b1441b553239a4681601783740f186) Importer(815301076,1909f56bfc062723c751e8b465ee728b)  -> (artifact id: 'eb20fd3b692f23bb1d59647c58fc1747') in 0.026765 seconds 
  Import took 0.032648 seconds .

========================================================================
Received Import Request.
  Time since last request: 0.000210 seconds.
  path: Assets/Prefabs/school/props/rack.fbx
  artifactKey: Guid(ca9bd9cdb3fbe8c42bfa1472eb2058fc) Importer(815301076,1909f56bfc062723c751e8b465ee728b)
Start importing Assets/Prefabs/school/props/rack.fbx using Guid(ca9bd9cdb3fbe8c42bfa1472eb2058fc) Importer(815301076,1909f56bfc062723c751e8b465ee728b)  -> (artifact id: 'fd66cdb90813b76bd18a00a5c29657b4') in 0.029756 seconds 
  Import took 0.036009 seconds .

========================================================================
Received Import Request.
  Time since last request: 0.000176 seconds.
  path: Assets/Prefabs/school/props/table1.fbx
  artifactKey: Guid(e7eb5a1adad305d49967b1f111709dbc) Importer(815301076,1909f56bfc062723c751e8b465ee728b)
Start importing Assets/Prefabs/school/props/table1.fbx using Guid(e7eb5a1adad305d49967b1f111709dbc) Importer(815301076,1909f56bfc062723c751e8b465ee728b)  -> (artifact id: 'c08a4d3ec5d0d650d7c3ceb386035c8d') in 0.029009 seconds 
  Import took 0.034729 seconds .

========================================================================
Received Import Request.
  Time since last request: 0.578102 seconds.
  path: Assets/Prefabs/school/props/speaker.fbx
  artifactKey: Guid(2e93ee0f4a411944ca5d229dc4b228e3) Importer(815301076,1909f56bfc062723c751e8b465ee728b)
Start importing Assets/Prefabs/school/props/speaker.fbx using Guid(2e93ee0f4a411944ca5d229dc4b228e3) Importer(815301076,1909f56bfc062723c751e8b465ee728b)  -> (artifact id: 'db9fb246b99326badcf6fd5a015d8045') in 0.053194 seconds 
  Import took 0.066702 seconds .

========================================================================
Received Import Request.
  Time since last request: 0.000233 seconds.
  path: Assets/Prefabs/school/props/sheet3.fbx
  artifactKey: Guid(f9193b59ff4960f49b88d5a868e743f4) Importer(815301076,1909f56bfc062723c751e8b465ee728b)
Start importing Assets/Prefabs/school/props/sheet3.fbx using Guid(f9193b59ff4960f49b88d5a868e743f4) Importer(815301076,1909f56bfc062723c751e8b465ee728b)  -> (artifact id: '8a59adf2c37535c2e5ff451182e2fffd') in 0.029774 seconds 
  Import took 0.037036 seconds .

========================================================================
Received Import Request.
  Time since last request: 0.000216 seconds.
  path: Assets/Prefabs/school/props/sheet4.fbx
  artifactKey: Guid(26cca21aff10b4545b16cc4b6315157e) Importer(815301076,1909f56bfc062723c751e8b465ee728b)
Start importing Assets/Prefabs/school/props/sheet4.fbx using Guid(26cca21aff10b4545b16cc4b6315157e) Importer(815301076,1909f56bfc062723c751e8b465ee728b)  -> (artifact id: 'e0287d4db3a43256eed16955626c0467') in 0.028740 seconds 
  Import took 0.034695 seconds .

========================================================================
Received Import Request.
  Time since last request: 0.000235 seconds.
  path: Assets/Prefabs/school/props/showcase.fbx
  artifactKey: Guid(f368751ca30ac2647a4ec4ce8fed3c88) Importer(815301076,1909f56bfc062723c751e8b465ee728b)
Start importing Assets/Prefabs/school/props/showcase.fbx using Guid(f368751ca30ac2647a4ec4ce8fed3c88) Importer(815301076,1909f56bfc062723c751e8b465ee728b)  -> (artifact id: '14323ffd1bb070ae0e4b6062216a49e6') in 0.035258 seconds 
  Import took 0.042951 seconds .

========================================================================
Received Import Request.
  Time since last request: 0.103647 seconds.
  path: Assets/Prefabs/school/props/sheet2.fbx
  artifactKey: Guid(481b15e92ed6941478e39061d9935711) Importer(815301076,1909f56bfc062723c751e8b465ee728b)
Start importing Assets/Prefabs/school/props/sheet2.fbx using Guid(481b15e92ed6941478e39061d9935711) Importer(815301076,1909f56bfc062723c751e8b465ee728b)  -> (artifact id: '542ef2e5fc9f7ce8505fc10e058b0a13') in 0.029153 seconds 
  Import took 0.036535 seconds .

========================================================================
Received Import Request.
  Time since last request: 0.000245 seconds.
  path: Assets/Prefabs/school/props/locker_1.fbx
  artifactKey: Guid(6c66e7ddb4e3bf94e8581dbdbd34d601) Importer(815301076,1909f56bfc062723c751e8b465ee728b)
Start importing Assets/Prefabs/school/props/locker_1.fbx using Guid(6c66e7ddb4e3bf94e8581dbdbd34d601) Importer(815301076,1909f56bfc062723c751e8b465ee728b)  -> (artifact id: '9ef395d2748b07c43da89678ae730459') in 0.031042 seconds 
  Import took 0.039209 seconds .

========================================================================
Received Import Request.
  Time since last request: 0.000260 seconds.
  path: Assets/Prefabs/school/props/book11.fbx
  artifactKey: Guid(469050c7eb8ed64428b8fb7604b109fb) Importer(815301076,1909f56bfc062723c751e8b465ee728b)
Start importing Assets/Prefabs/school/props/book11.fbx using Guid(469050c7eb8ed64428b8fb7604b109fb) Importer(815301076,1909f56bfc062723c751e8b465ee728b)  -> (artifact id: 'dc7a7ef950baca3a9a221e947ea6d4cb') in 0.034714 seconds 
  Import took 0.043454 seconds .

========================================================================
Received Import Request.
  Time since last request: 0.000250 seconds.
  path: Assets/Prefabs/school/props/tray.fbx
  artifactKey: Guid(cc76c0b780396284a8d4e9fe8d4e7482) Importer(815301076,1909f56bfc062723c751e8b465ee728b)
Start importing Assets/Prefabs/school/props/tray.fbx using Guid(cc76c0b780396284a8d4e9fe8d4e7482) Importer(815301076,1909f56bfc062723c751e8b465ee728b)  -> (artifact id: 'fe9993d8971d649fc90bc8bd9064a5ac') in 0.030539 seconds 
  Import took 0.037653 seconds .

========================================================================
Received Import Request.
  Time since last request: 0.257470 seconds.
  path: Assets/Prefabs/school/props/locker1.fbx
  artifactKey: Guid(a009d4148ee08684d917c68693f75228) Importer(815301076,1909f56bfc062723c751e8b465ee728b)
Start importing Assets/Prefabs/school/props/locker1.fbx using Guid(a009d4148ee08684d917c68693f75228) Importer(815301076,1909f56bfc062723c751e8b465ee728b)  -> (artifact id: '77fd77aeb12f65845a8034f71e52040b') in 0.032451 seconds 
  Import took 0.040125 seconds .

========================================================================
Received Import Request.
  Time since last request: 0.000296 seconds.
  path: Assets/Prefabs/school/props/book7.fbx
  artifactKey: Guid(c33f36ac04fd4ef4eb1421d50ecb1d83) Importer(815301076,1909f56bfc062723c751e8b465ee728b)
Start importing Assets/Prefabs/school/props/book7.fbx using Guid(c33f36ac04fd4ef4eb1421d50ecb1d83) Importer(815301076,1909f56bfc062723c751e8b465ee728b)  -> (artifact id: 'f48aa54265b77420eb7b8a1142e8c57b') in 0.042068 seconds 
  Import took 0.050507 seconds .

========================================================================
Received Import Request.
  Time since last request: 0.000247 seconds.
  path: Assets/Prefabs/school/props/book6.fbx
  artifactKey: Guid(9ba47c7a82616534bbe4f5bc55bfee77) Importer(815301076,1909f56bfc062723c751e8b465ee728b)
Start importing Assets/Prefabs/school/props/book6.fbx using Guid(9ba47c7a82616534bbe4f5bc55bfee77) Importer(815301076,1909f56bfc062723c751e8b465ee728b)  -> (artifact id: 'ba78a393a34b3d0bccefd738cef54725') in 0.037259 seconds 
  Import took 0.045393 seconds .

========================================================================
Received Import Request.
  Time since last request: 0.000241 seconds.
  path: Assets/Prefabs/school/props/locker2.fbx
  artifactKey: Guid(3116c0cc8ed12dc4c9fbd857167ae184) Importer(815301076,1909f56bfc062723c751e8b465ee728b)
Start importing Assets/Prefabs/school/props/locker2.fbx using Guid(3116c0cc8ed12dc4c9fbd857167ae184) Importer(815301076,1909f56bfc062723c751e8b465ee728b)  -> (artifact id: 'c085d844a12795d2968ec71c417beb43') in 0.039618 seconds 
  Import took 0.048769 seconds .

========================================================================
Received Import Request.
  Time since last request: 0.629235 seconds.
  path: Assets/Prefabs/school/props/book4.fbx
  artifactKey: Guid(4578924f6ad96474fa87f670025340b6) Importer(815301076,1909f56bfc062723c751e8b465ee728b)
Start importing Assets/Prefabs/school/props/book4.fbx using Guid(4578924f6ad96474fa87f670025340b6) Importer(815301076,1909f56bfc062723c751e8b465ee728b)  -> (artifact id: '0d7d1adb08b0e24bba9d12c724eb8ba0') in 0.027824 seconds 
  Import took 0.034972 seconds .

========================================================================
Received Import Request.
  Time since last request: 0.000241 seconds.
  path: Assets/Prefabs/school/props/book2.fbx
  artifactKey: Guid(98a3eef7f73edd846970e62f64af6a46) Importer(815301076,1909f56bfc062723c751e8b465ee728b)
Start importing Assets/Prefabs/school/props/book2.fbx using Guid(98a3eef7f73edd846970e62f64af6a46) Importer(815301076,1909f56bfc062723c751e8b465ee728b)  -> (artifact id: '789dd4a1792b2d2849b416eb6674584a') in 0.028144 seconds 
  Import took 0.034473 seconds .

========================================================================
Received Import Request.
  Time since last request: 0.000193 seconds.
  path: Assets/Prefabs/school/props/book1.fbx
  artifactKey: Guid(2ba609b3cfa3a39409cd47125c0b8f23) Importer(815301076,1909f56bfc062723c751e8b465ee728b)
Start importing Assets/Prefabs/school/props/book1.fbx using Guid(2ba609b3cfa3a39409cd47125c0b8f23) Importer(815301076,1909f56bfc062723c751e8b465ee728b)  -> (artifact id: 'b4cfa7de31dd164da87d17d6ac89d229') in 0.033854 seconds 
  Import took 0.041560 seconds .

========================================================================
Received Import Request.
  Time since last request: 0.000262 seconds.
  path: Assets/Prefabs/school/props/book3.fbx
  artifactKey: Guid(2d9b54e7ef3d1a94eb9be4f4dd931319) Importer(815301076,1909f56bfc062723c751e8b465ee728b)
Start importing Assets/Prefabs/school/props/book3.fbx using Guid(2d9b54e7ef3d1a94eb9be4f4dd931319) Importer(815301076,1909f56bfc062723c751e8b465ee728b)  -> (artifact id: '9afbb55e296aaef9fa7bec169fe7b4d1') in 0.027572 seconds 
  Import took 0.034573 seconds .

========================================================================
Received Import Request.
  Time since last request: 0.558592 seconds.
  path: Assets/Prefabs/school/props/book.fbx
  artifactKey: Guid(fe29f3a55c29a794a8d6a3d12b9aca96) Importer(815301076,1909f56bfc062723c751e8b465ee728b)
Start importing Assets/Prefabs/school/props/book.fbx using Guid(fe29f3a55c29a794a8d6a3d12b9aca96) Importer(815301076,1909f56bfc062723c751e8b465ee728b)  -> (artifact id: '35197cecd6c00cd54fddd67569d5ec17') in 0.028357 seconds 
  Import took 0.035578 seconds .

========================================================================
Received Import Request.
  Time since last request: 0.000273 seconds.
  path: Assets/Prefabs/school/props/board2_2.fbx
  artifactKey: Guid(bd7e469a6d0e8c44e9dabdd48e4bfb36) Importer(815301076,1909f56bfc062723c751e8b465ee728b)
Start importing Assets/Prefabs/school/props/board2_2.fbx using Guid(bd7e469a6d0e8c44e9dabdd48e4bfb36) Importer(815301076,1909f56bfc062723c751e8b465ee728b)  -> (artifact id: '851a9f47deb92b29c6535be21a69e221') in 0.031499 seconds 
  Import took 0.039483 seconds .

========================================================================
Received Import Request.
  Time since last request: 0.000510 seconds.
  path: Assets/Prefabs/school/props/board2.fbx
  artifactKey: Guid(566a42721c548c54cb9bc534f063aab3) Importer(815301076,1909f56bfc062723c751e8b465ee728b)
Start importing Assets/Prefabs/school/props/board2.fbx using Guid(566a42721c548c54cb9bc534f063aab3) Importer(815301076,1909f56bfc062723c751e8b465ee728b)  -> (artifact id: 'bd4e901b065228bf9dd281485aa89a0b') in 0.029053 seconds 
  Import took 0.036225 seconds .

========================================================================
Received Import Request.
  Time since last request: 0.000237 seconds.
  path: Assets/Prefabs/school/props/board2_1.fbx
  artifactKey: Guid(45565251077e14d4180ee5c2bb5b896d) Importer(815301076,1909f56bfc062723c751e8b465ee728b)
Start importing Assets/Prefabs/school/props/board2_1.fbx using Guid(45565251077e14d4180ee5c2bb5b896d) Importer(815301076,1909f56bfc062723c751e8b465ee728b)  -> (artifact id: '5720754a8c374c776ffa90b0b4121355') in 0.028481 seconds 
  Import took 0.034822 seconds .

========================================================================
Received Import Request.
  Time since last request: 0.106161 seconds.
  path: Assets/Prefabs/school/props/board1.fbx
  artifactKey: Guid(2096cda62bf772342bc7a4aeda6e4a67) Importer(815301076,1909f56bfc062723c751e8b465ee728b)
Start importing Assets/Prefabs/school/props/board1.fbx using Guid(2096cda62bf772342bc7a4aeda6e4a67) Importer(815301076,1909f56bfc062723c751e8b465ee728b)  -> (artifact id: '2637ce5a41212f8b4b1d104b333a692a') in 0.037498 seconds 
  Import took 0.046724 seconds .

========================================================================
Received Import Request.
  Time since last request: 0.000239 seconds.
  path: Assets/Prefabs/school/props/a door1.fbx
  artifactKey: Guid(e7aacb82296e75c41acea0abba4c8978) Importer(815301076,1909f56bfc062723c751e8b465ee728b)
Start importing Assets/Prefabs/school/props/a door1.fbx using Guid(e7aacb82296e75c41acea0abba4c8978) Importer(815301076,1909f56bfc062723c751e8b465ee728b)  -> (artifact id: '1d58c538fdc8cf730d2448ce61143c15') in 0.071084 seconds 
  Import took 0.080259 seconds .

========================================================================
Received Import Request.
  Time since last request: 0.000301 seconds.
  path: Assets/Prefabs/school/props/board.fbx
  artifactKey: Guid(5613243e699c34046bcf679855532f68) Importer(815301076,1909f56bfc062723c751e8b465ee728b)
Start importing Assets/Prefabs/school/props/board.fbx using Guid(5613243e699c34046bcf679855532f68) Importer(815301076,1909f56bfc062723c751e8b465ee728b)  -> (artifact id: 'b261db806e4ff18cbe04c227b84cdb01') in 0.032705 seconds 
  Import took 0.040056 seconds .

========================================================================
Received Import Request.
  Time since last request: 0.000219 seconds.
  path: Assets/Prefabs/school/props/a laptop.fbx
  artifactKey: Guid(6a3802d04cb8d4e4d8e354e4a4098cba) Importer(815301076,1909f56bfc062723c751e8b465ee728b)
Start importing Assets/Prefabs/school/props/a laptop.fbx using Guid(6a3802d04cb8d4e4d8e354e4a4098cba) Importer(815301076,1909f56bfc062723c751e8b465ee728b)  -> (artifact id: '292f796d1f58532de41088afdcecf89e') in 0.037274 seconds 
  Import took 0.045141 seconds .

========================================================================
Received Import Request.
  Time since last request: 0.367648 seconds.
  path: Assets/Prefabs/school/props/rack1.fbx
  artifactKey: Guid(3d58d5cb75277704fbee090d5dc98394) Importer(815301076,1909f56bfc062723c751e8b465ee728b)
Start importing Assets/Prefabs/school/props/rack1.fbx using Guid(3d58d5cb75277704fbee090d5dc98394) Importer(815301076,1909f56bfc062723c751e8b465ee728b)  -> (artifact id: '178b34eec79cb399d502badd314f6769') in 0.896564 seconds 
  Import took 0.905058 seconds .

========================================================================
Received Import Request.
  Time since last request: 0.658082 seconds.
  path: Assets/Material/Concrete.mat
  artifactKey: Guid(c03c1117d3c27dc4ca561b603ffc800b) Importer(815301076,1909f56bfc062723c751e8b465ee728b)
Start importing Assets/Material/Concrete.mat using Guid(c03c1117d3c27dc4ca561b603ffc800b) Importer(815301076,1909f56bfc062723c751e8b465ee728b)  -> (artifact id: '9c9d57e5e47e17a9c7baa55783d6260b') in 0.040695 seconds 
  Import took 0.046907 seconds .

========================================================================
Received Import Request.
  Time since last request: 0.000206 seconds.
  path: Assets/Prefabs/school/material/Materials/floor_color.mat
  artifactKey: Guid(1dbcdd8ff94528e48b2ec42b537b1d40) Importer(815301076,1909f56bfc062723c751e8b465ee728b)
Start importing Assets/Prefabs/school/material/Materials/floor_color.mat using Guid(1dbcdd8ff94528e48b2ec42b537b1d40) Importer(815301076,1909f56bfc062723c751e8b465ee728b)  -> (artifact id: '2942d08807c08e26d9844fd56975d904') in 0.016195 seconds 
  Import took 0.023257 seconds .

========================================================================
Received Import Request.
  Time since last request: 0.263693 seconds.
  path: Assets/Prefabs/school/material/Materials/1.mat
  artifactKey: Guid(30b92673b9b7ef44c9c11a474d9910c9) Importer(815301076,1909f56bfc062723c751e8b465ee728b)
Start importing Assets/Prefabs/school/material/Materials/1.mat using Guid(30b92673b9b7ef44c9c11a474d9910c9) Importer(815301076,1909f56bfc062723c751e8b465ee728b)  -> (artifact id: '8cc9cd574def126e7ea2bbd46b00d04f') in 0.013477 seconds 
  Import took 0.023085 seconds .

========================================================================
Received Prepare
Registering precompiled user dll's ...
Registered in 0.006493 seconds.
Begin MonoManager ReloadAssembly
Native extension for WindowsStandalone target not found
Refreshing native plugins compatible for Editor in 0.79 ms, found 2 plugins.
Preloading 0 native plugins for Editor in 0.00 ms.
Mono: successfully reloaded assembly
- Completed reload, in  1.316 seconds
Domain Reload Profiling:
	ReloadAssembly (1317ms)
		BeginReloadAssembly (151ms)
			ExecutionOrderSort (0ms)
			DisableScriptedObjects (8ms)
			BackupInstance (0ms)
			ReleaseScriptingObjects (0ms)
			CreateAndSetChildDomain (50ms)
		EndReloadAssembly (1093ms)
			LoadAssemblies (105ms)
			RebuildTransferFunctionScriptingTraits (0ms)
			SetupTypeCache (418ms)
			ReleaseScriptCaches (4ms)
			RebuildScriptCaches (56ms)
			SetupLoadedEditorAssemblies (364ms)
				LogAssemblyErrors (0ms)
				InitializePlatformSupportModulesInManaged (5ms)
				SetLoadedEditorAssemblies (1ms)
				RefreshPlugins (1ms)
				BeforeProcessingInitializeOnLoad (72ms)
				ProcessInitializeOnLoadAttributes (272ms)
				ProcessInitializeOnLoadMethodAttributes (10ms)
				AfterProcessingInitializeOnLoad (4ms)
				EditorAssembliesLoaded (0ms)
			ExecutionOrderSort2 (0ms)
			AwakeInstancesAfterBackupRestoration (18ms)
Platform modules already initialized, skipping
Refreshing native plugins compatible for Editor in 0.69 ms, found 2 plugins.
Preloading 0 native plugins for Editor in 0.00 ms.
Unloading 3181 Unused Serialized files (Serialized files now loaded: 0)
System memory in use before: 150.0 MB.
System memory in use after: 147.1 MB.

Unloading 52 unused Assets to reduce memory usage. Loaded Objects now: 3788.
Total: 4.685300 ms (FindLiveObjects: 0.247300 ms CreateObjectMapping: 0.086000 ms MarkObjects: 2.930100 ms  DeleteObjects: 1.420800 ms)

AssetImportParameters requested are different than current active one (requested -> active):
  custom:framework-win-MediaFoundation: 216162199b28c13a410421893ffa2e32 -> 
  custom:video-decoder-ogg-theora: a1e56fd34408186e4bbccfd4996cb3dc -> 
  custom:container-muxer-webm: aa71ff27fc2769a1b78a27578f13a17b -> 
  custom:container-demuxer-webm: 4f35f7cbe854078d1ac9338744f61a02 -> 
  custom:container-demuxer-ogg: 62fdf1f143b41e24485cea50d1cbac27 -> 
  custom:video-encoder-webm-vp8: eb34c28f22e8b96e1ab97ce403110664 -> 
  custom:video-codec-MediaFoundation-h265: 746d11721c4dcdbdad8f713fa42b33f4 -> 
  custom:video-decoder-webm-vp8: 9c59270c3fd7afecdb556c50c9e8de78 -> 
  custom:audio-decoder-ogg-vorbis: bf7c407c2cedff20999df2af8eb42d56 -> 
  custom:audio-encoder-webm-vorbis: bf7c407c2cedff20999df2af8eb42d56 -> 
========================================================================
Received Import Request.
  Time since last request: 173.492116 seconds.
  path: Assets/Audio Source/applause in small room.mp3
  artifactKey: Guid(18d90904628350245b5dc5220a57f2a3) Importer(815301076,1909f56bfc062723c751e8b465ee728b)
Start importing Assets/Audio Source/applause in small room.mp3 using Guid(18d90904628350245b5dc5220a57f2a3) Importer(815301076,1909f56bfc062723c751e8b465ee728b)  -> (artifact id: 'dd2d1ed435ad3cfc34dc5e13d216167d') in 0.054967 seconds 
  Import took 0.062424 seconds .

========================================================================
Received Prepare
Registering precompiled user dll's ...
Registered in 0.004749 seconds.
Begin MonoManager ReloadAssembly
Native extension for WindowsStandalone target not found
Refreshing native plugins compatible for Editor in 0.72 ms, found 2 plugins.
Preloading 0 native plugins for Editor in 0.00 ms.
Mono: successfully reloaded assembly
- Completed reload, in  1.188 seconds
Domain Reload Profiling:
	ReloadAssembly (1189ms)
		BeginReloadAssembly (137ms)
			ExecutionOrderSort (0ms)
			DisableScriptedObjects (5ms)
			BackupInstance (0ms)
			ReleaseScriptingObjects (0ms)
			CreateAndSetChildDomain (44ms)
		EndReloadAssembly (963ms)
			LoadAssemblies (90ms)
			RebuildTransferFunctionScriptingTraits (0ms)
			SetupTypeCache (343ms)
			ReleaseScriptCaches (3ms)
			RebuildScriptCaches (47ms)
			SetupLoadedEditorAssemblies (322ms)
				LogAssemblyErrors (0ms)
				InitializePlatformSupportModulesInManaged (4ms)
				SetLoadedEditorAssemblies (0ms)
				RefreshPlugins (1ms)
				BeforeProcessingInitializeOnLoad (64ms)
				ProcessInitializeOnLoadAttributes (239ms)
				ProcessInitializeOnLoadMethodAttributes (8ms)
				AfterProcessingInitializeOnLoad (4ms)
				EditorAssembliesLoaded (0ms)
			ExecutionOrderSort2 (0ms)
			AwakeInstancesAfterBackupRestoration (16ms)
Platform modules already initialized, skipping
Refreshing native plugins compatible for Editor in 0.74 ms, found 2 plugins.
Preloading 0 native plugins for Editor in 0.00 ms.
Unloading 3181 Unused Serialized files (Serialized files now loaded: 0)
System memory in use before: 150.0 MB.
System memory in use after: 147.2 MB.

Unloading 52 unused Assets to reduce memory usage. Loaded Objects now: 3793.
Total: 4.937500 ms (FindLiveObjects: 0.317800 ms CreateObjectMapping: 0.082000 ms MarkObjects: 2.943400 ms  DeleteObjects: 1.588100 ms)

AssetImportParameters requested are different than current active one (requested -> active):
  custom:framework-win-MediaFoundation: 216162199b28c13a410421893ffa2e32 -> 
  custom:video-decoder-ogg-theora: a1e56fd34408186e4bbccfd4996cb3dc -> 
  custom:container-muxer-webm: aa71ff27fc2769a1b78a27578f13a17b -> 
  custom:container-demuxer-webm: 4f35f7cbe854078d1ac9338744f61a02 -> 
  custom:container-demuxer-ogg: 62fdf1f143b41e24485cea50d1cbac27 -> 
  custom:video-encoder-webm-vp8: eb34c28f22e8b96e1ab97ce403110664 -> 
  custom:video-codec-MediaFoundation-h265: 746d11721c4dcdbdad8f713fa42b33f4 -> 
  custom:video-decoder-webm-vp8: 9c59270c3fd7afecdb556c50c9e8de78 -> 
  custom:audio-decoder-ogg-vorbis: bf7c407c2cedff20999df2af8eb42d56 -> 
  custom:audio-encoder-webm-vorbis: bf7c407c2cedff20999df2af8eb42d56 -> 
========================================================================
Received Import Request.
  Time since last request: 230.325640 seconds.
  path: Assets/Audio Source/heartbeat with echo.mp3
  artifactKey: Guid(6abf0c7507b2ba34e8aedae4d376cbc5) Importer(815301076,1909f56bfc062723c751e8b465ee728b)
Start importing Assets/Audio Source/heartbeat with echo.mp3 using Guid(6abf0c7507b2ba34e8aedae4d376cbc5) Importer(815301076,1909f56bfc062723c751e8b465ee728b)  -> (artifact id: '68d5aec3ed843606c782fcf47bf2f0c9') in 0.048543 seconds 
  Import took 0.053859 seconds .

========================================================================
Received Prepare
Registering precompiled user dll's ...
Registered in 0.004810 seconds.
Begin MonoManager ReloadAssembly
Native extension for WindowsStandalone target not found
Refreshing native plugins compatible for Editor in 0.65 ms, found 2 plugins.
Preloading 0 native plugins for Editor in 0.00 ms.
Mono: successfully reloaded assembly
- Completed reload, in  1.210 seconds
Domain Reload Profiling:
	ReloadAssembly (1211ms)
		BeginReloadAssembly (117ms)
			ExecutionOrderSort (0ms)
			DisableScriptedObjects (6ms)
			BackupInstance (0ms)
			ReleaseScriptingObjects (0ms)
			CreateAndSetChildDomain (42ms)
		EndReloadAssembly (1034ms)
			LoadAssemblies (86ms)
			RebuildTransferFunctionScriptingTraits (0ms)
			SetupTypeCache (440ms)
			ReleaseScriptCaches (2ms)
			RebuildScriptCaches (51ms)
			SetupLoadedEditorAssemblies (316ms)
				LogAssemblyErrors (0ms)
				InitializePlatformSupportModulesInManaged (4ms)
				SetLoadedEditorAssemblies (0ms)
				RefreshPlugins (1ms)
				BeforeProcessingInitializeOnLoad (59ms)
				ProcessInitializeOnLoadAttributes (239ms)
				ProcessInitializeOnLoadMethodAttributes (9ms)
				AfterProcessingInitializeOnLoad (4ms)
				EditorAssembliesLoaded (0ms)
			ExecutionOrderSort2 (0ms)
			AwakeInstancesAfterBackupRestoration (20ms)
Platform modules already initialized, skipping
Refreshing native plugins compatible for Editor in 1.02 ms, found 2 plugins.
Preloading 0 native plugins for Editor in 0.00 ms.
Unloading 3181 Unused Serialized files (Serialized files now loaded: 0)
System memory in use before: 150.1 MB.
System memory in use after: 147.2 MB.

Unloading 52 unused Assets to reduce memory usage. Loaded Objects now: 3796.
Total: 4.949800 ms (FindLiveObjects: 0.282700 ms CreateObjectMapping: 0.097300 ms MarkObjects: 2.901300 ms  DeleteObjects: 1.666900 ms)

AssetImportParameters requested are different than current active one (requested -> active):
  custom:framework-win-MediaFoundation: 216162199b28c13a410421893ffa2e32 -> 
  custom:video-decoder-ogg-theora: a1e56fd34408186e4bbccfd4996cb3dc -> 
  custom:container-muxer-webm: aa71ff27fc2769a1b78a27578f13a17b -> 
  custom:container-demuxer-webm: 4f35f7cbe854078d1ac9338744f61a02 -> 
  custom:container-demuxer-ogg: 62fdf1f143b41e24485cea50d1cbac27 -> 
  custom:video-encoder-webm-vp8: eb34c28f22e8b96e1ab97ce403110664 -> 
  custom:video-codec-MediaFoundation-h265: 746d11721c4dcdbdad8f713fa42b33f4 -> 
  custom:video-decoder-webm-vp8: 9c59270c3fd7afecdb556c50c9e8de78 -> 
  custom:audio-decoder-ogg-vorbis: bf7c407c2cedff20999df2af8eb42d56 -> 
  custom:audio-encoder-webm-vorbis: bf7c407c2cedff20999df2af8eb42d56 -> 
AssetImportWorkerClient::OnTransportError - code=2 error=End of file
